Removed world/DIM-1/data/raids.dat: not used
Removed world/DIM-1/entities/r.-2.-2.mca: 0 size
Removed world/DIM-1/entities/r.-3.-3.mca: 0 size
Removed world/DIM-1/entities/r.-3.-4.mca: 0 size
Removed world/DIM-1/entities/r.0.-2.mca: 0 size
Removed world/DIM-1/poi/r.-1.-2.mca: 0 size
Removed world/DIM-1/poi/r.-1.0.mca: 0 size
Removed world/DIM-1/poi/r.-2.-1.mca: 0 size
Removed world/DIM-1/poi/r.-2.-2.mca: 0 size
Removed world/DIM-1/poi/r.-2.0.mca: 0 size
Removed world/DIM-1/poi/r.-3.-3.mca: 0 size
Removed world/DIM-1/poi/r.-3.-4.mca: 0 size
Removed world/DIM-1/poi/r.-4.-3.mca: 0 size
Removed world/DIM-1/poi/r.-4.-4.mca: 0 size
Removed world/DIM-1/poi/r.0.-1.mca: 0 size
Removed world/DIM-1/poi/r.0.-2.mca: 0 size
Removed world/DIM-1/poi/r.0.0.mca: 0 size
Removed world/entities/r.-3.-9.mca: 0 size
Removed world/entities/r.-6.-2.mca: 0 size
Removed world/entities/r.-7.-6.mca: 0 size
Removed world/entities/r.-7.-7.mca: 0 size
Removed world/entities/r.-9.-3.mca: 0 size
Removed world/entities/r.0.-1.mca: 0 size
Removed world/entities/r.0.14.mca: 0 size
Removed world/entities/r.1.11.mca: 0 size
Removed world/entities/r.1.14.mca: 0 size
Removed world/entities/r.1.15.mca: 0 size
Removed world/entities/r.3.15.mca: 0 size
Removed world/level.dat_old.gz: not used
Removed world/playerdata/02c8e4da-6f14-4fa4-bd8b-06cff1512f1c.dat_old.gz: not used
Removed world/playerdata/1c151714-ca9a-46ac-8e6e-8d114b724a33.dat_old.gz: not used
Removed world/playerdata/49b0c2fa-5c9e-47bb-9297-7cb0224e3145.dat_old.gz: not used
Removed world/playerdata/b2a52b9b-59c1-4e91-809b-753726c8ca0c.dat_old.gz: not used
Removed world/poi/r.-1.-2.mca: 0 size
Removed world/poi/r.-1.-5.mca: 0 size
Removed world/poi/r.-1.0.mca: 0 size
Removed world/poi/r.-1.10.mca: 0 size
Removed world/poi/r.-1.11.mca: 0 size
Removed world/poi/r.-2.0.mca: 0 size
Removed world/poi/r.-5.-1.mca: 0 size
Removed world/poi/r.-5.-2.mca: 0 size
Removed world/poi/r.-5.-3.mca: 0 size
Removed world/poi/r.-7.-3.mca: 0 size
Removed world/poi/r.-7.2.mca: 0 size
Removed world/poi/r.-9.-1.mca: 0 size
Removed world/poi/r.-9.-3.mca: 0 size
Removed world/poi/r.0.-1.mca: 0 size
Removed world/poi/r.0.-2.mca: 0 size
Removed world/poi/r.0.-3.mca: 0 size
Removed world/poi/r.0.-4.mca: 0 size
Removed world/poi/r.0.0.mca: 0 size
Removed world/poi/r.1.13.mca: 0 size
Removed world/poi/r.1.14.mca: 0 size
Removed world/poi/r.2.13.mca: 0 size
Removed world/region/r.-1.15.mca: 0 size
Removed world/region/r.-1.16.mca: 0 size
Removed world/region/r.-2.10.mca: 0 size
Removed world/region/r.-2.15.mca: 0 size
Removed world/region/r.-2.16.mca: 0 size
Removed world/region/r.-3.10.mca: 0 size
Removed world/region/r.-3.11.mca: 0 size
Removed world/region/r.-3.12.mca: 0 size
Removed world/region/r.-3.13.mca: 0 size
Removed world/region/r.-3.14.mca: 0 size
Removed world/region/r.-3.15.mca: 0 size
Removed world/region/r.-3.16.mca: 0 size
Removed world/region/r.-4.10.mca: 0 size
Removed world/region/r.-4.11.mca: 0 size
Removed world/region/r.-4.12.mca: 0 size
Removed world/region/r.-4.13.mca: 0 size
Removed world/region/r.-4.14.mca: 0 size
Removed world/region/r.-4.15.mca: 0 size
Removed world/region/r.-4.16.mca: 0 size
Removed world/region/r.0.15.mca: 0 size
Removed world/region/r.0.16.mca: 0 size
Removed world/region/r.1.-3.mca: 0 size
Removed world/region/r.1.16.mca: 0 size
Removed world/region/r.2.10.mca: 0 size
Removed world/region/r.2.11.mca: 0 size
Validated 446 files, 367 accepted, 79 rejected.
